<?xml version="1.0" encoding="UTF-8"?>
<testsuite name="MyLinkedListTest" tests="2" skipped="0" failures="0" errors="0" timestamp="2021-06-12T01:53:16" hostname="SHWETA29" time="0.019">
  <properties/>
  <testcase name="IfStackPopOrPeek_ShouldReturnTrue" classname="MyLinkedListTest" time="0.015"/>
  <testcase name="IfStackIsCreated_shouldReturnTrue" classname="MyLinkedListTest" time="0.002"/>
  <system-out><![CDATA[]]></system-out>
  <system-err><![CDATA[]]></system-err>
</testsuite>
