<?xml version="1.0" encoding="UTF-8"?>
<testsuite name="MyLinkedListTest" tests="1" skipped="0" failures="0" errors="0" timestamp="2021-06-11T19:10:12" hostname="SHWETA29" time="0.012">
  <properties/>
  <testcase name="IfStackIsCreated_shouldReturnTrue" classname="MyLinkedListTest" time="0.012"/>
  <system-out><![CDATA[]]></system-out>
  <system-err><![CDATA[]]></system-err>
</testsuite>
